questcomp | 28/01/2016 - 10:45:28 | INFO | Logger questcomp créé!
questcomp | 28/01/2016 - 10:45:44 | INFO | Le questionnaire contient 6 questions
questcomp | 28/01/2016 - 10:45:44 | INFO | Ajout de la question: Numéro 1
Ennoncé:  A chaque période vous devez déclarez votre revenu de la période :
Propositions: Oui | Non
Bonnes réponses: Non
Explication: A chaque période vous disposez d'un revenu de 10 ecus. Vous devez décider de déclarer ou de ne pas déclarer votre revenu de 10 ecus.
questcomp | 28/01/2016 - 10:45:44 | INFO | Ajout de la question: Numéro 2
Ennoncé:  Vous déclarez votre revenu à la période en cours, votre impôt de la période est de:
Propositions: 10 ecus | 5 ecus | 4 ecus
Bonnes réponses: 4 ecus
Explication: Le taux d'imposition est de 40% du revenu déclaré, donc 10 x 40% = 4 ecus. 
questcomp | 28/01/2016 - 10:45:44 | INFO | Ajout de la question: Numéro 3
Ennoncé:  A la période 1 vous ne déclarez pas votre revenu, la pénalité potentielle est de:
Propositions: 10 ecus | 4 ecus | 7,5 ecus
Bonnes réponses: 7,5 ecus
Explication: La pénalité potentielle est de 75% de votre revenu non déclaré, donc 10 x 75% = 7,5 ecus.
questcomp | 28/01/2016 - 10:45:44 | INFO | Ajout de la question: Numéro 4
Ennoncé:  Vous ne déclarez pas votre revenu de la période 1 à la période 9. A la période 9 vous êtes contrôlé(e), la pénalité de la période 9 est de:
Propositions: 4 ecus | 7,5 ecus | 15 ecus
Bonnes réponses: 7,5 ecus
Explication: A la période 9 votre pénalité est de 75% de votre revenu non déclaré à la période en cours, donc 10 x 75% = 7,5 ecus.
questcomp | 28/01/2016 - 10:45:44 | INFO | Ajout de la question: Numéro 5
Ennoncé:  Vous ne déclarez pas votre revenu à la période 1 et vous le déclarez à la période 2. Vous êtes contrôlé(e) à la période 2. Le prélèvement effectif pour la période 2 est de:
Propositions: 4 ecus | 11,5 ecus | 7,5 ecus
Bonnes réponses: 4 ecus
Explication: A la période 2, vous avez déclaré votre revenu, donc vous devez l'impôt sur le revenu déclaré pour la période 2, soit 10 x 40% = 4 ecus. Vous n'aurez aucune pénalité à payer. Le prélèvement effectif de la période 2 est donc de 4 ecus.
questcomp | 28/01/2016 - 10:45:44 | INFO | Ajout de la question: Numéro 6
Ennoncé:  Vous ne déclarez pas votre revenu de la période 3 à la période 10. Vous êtes contrôlé(e) à la période 8, puis à la période 9. Le prélèvement effectif pour la période 9 est de:
Propositions: 11,5 ecus | 4 ecus | 7,5 ecus
Bonnes réponses: 7,5 ecus
Explication: Vous avez été contrôlé(e) à la période 8, donc la pénalité de la période 9 est de 10 x 75% = 7,5 ecus. Le prélèvement effectif de la période 9 est donc de 7,5 ecus.
